# JRE version: OpenJDK Runtime Environment (11.0.7+10) (build 11.0.7+10-LTS-sapmachine)
# Java VM: OpenJDK 64-Bit Server VM (11.0.7+10-LTS-sapmachine, mixed mode, tiered, compressed oops, g1 gc, windows-amd64)
Heap:
 garbage-first heap   total 75776K, used 54745K [0x0000000602800000, 0x0000000800000000)
  region size 2048K, 19 young (38912K), 1 survivors (2048K)
 Metaspace       used 62146K, capacity 64336K, committed 64640K, reserved 1105920K
  class space    used 7813K, capacity 8742K, committed 8832K, reserved 1048576K
GC Heap History (56 events):
Event: 1.016 GC heap before
{Heap before GC invocations=0 (full 0):
 garbage-first heap   total 522240K, used 22528K [0x0000000602800000, 0x0000000800000000)
  region size 2048K, 12 young (24576K), 0 survivors (0K)
 Metaspace       used 14248K, capacity 14615K, committed 14720K, reserved 1062912K
  class space    used 1452K, capacity 1596K, committed 1664K, reserved 1048576K
}
Event: 1.021 GC heap after
{Heap after GC invocations=1 (full 0):
 garbage-first heap   total 522240K, used 5986K [0x0000000602800000, 0x0000000800000000)
  region size 2048K, 2 young (4096K), 2 survivors (4096K)
 Metaspace       used 14248K, capacity 14615K, committed 14720K, reserved 1062912K
  class space    used 1452K, capacity 1596K, committed 1664K, reserved 1048576K
}
Event: 1.284 GC heap before
{Heap before GC invocations=1 (full 0):
 garbage-first heap   total 522240K, used 79714K [0x0000000602800000, 0x0000000800000000)
  region size 2048K, 39 young (79872K), 2 survivors (4096K)
 Metaspace       used 17389K, capacity 17799K, committed 17920K, reserved 1064960K
  class space    used 1847K, capacity 2047K, committed 2048K, reserved 1048576K
}
Event: 1.287 GC heap after
{Heap after GC invocations=2 (full 0):
 garbage-first heap   total 522240K, used 7577K [0x0000000602800000, 0x0000000800000000)
  region size 2048K, 3 young (6144K), 3 survivors (6144K)
 Metaspace       used 17389K, capacity 17799K, committed 17920K, reserved 1064960K
  class space    used 1847K, capacity 2047K, committed 2048K, reserved 1048576K
}
Event: 1.395 GC heap before
{Heap before GC invocations=2 (full 0):
 garbage-first heap   total 522240K, used 42393K [0x0000000602800000, 0x0000000800000000)
  region size 2048K, 21 young (43008K), 3 survivors (6144K)
 Metaspace       used 20555K, capacity 21070K, committed 21248K, reserved 1069056K
  class space    used 2220K, capacity 2444K, committed 2560K, reserved 1048576K
}
Event: 1.400 GC heap after
{Heap after GC invocations=3 (full 0):
 garbage-first heap   total 522240K, used 8222K [0x0000000602800000, 0x0000000800000000)
  region size 2048K, 4 young (8192K), 4 survivors (8192K)
 Metaspace       used 20555K, capacity 21070K, committed 21248K, reserved 1069056K
  class space    used 2220K, capacity 2444K, committed 2560K, reserved 1048576K
}
Event: 1.741 GC heap before
{Heap before GC invocations=4 (full 0):
 garbage-first heap   total 522240K, used 88094K [0x0000000602800000, 0x0000000800000000)
  region size 2048K, 44 young (90112K), 4 survivors (8192K)
 Metaspace       used 25080K, capacity 25832K, committed 25984K, reserved 1073152K
  class space    used 2882K, capacity 3180K, committed 3200K, reserved 1048576K
}
Event: 1.746 GC heap after
{Heap after GC invocations=5 (full 0):
 garbage-first heap   total 522240K, used 9462K [0x0000000602800000, 0x0000000800000000)
  region size 2048K, 4 young (8192K), 4 survivors (8192K)
 Metaspace       used 25080K, capacity 25832K, committed 25984K, reserved 1073152K
  class space    used 2882K, capacity 3180K, committed 3200K, reserved 1048576K
}
Event: 3.385 GC heap before
{Heap before GC invocations=5 (full 0):
 garbage-first heap   total 522240K, used 290038K [0x0000000602800000, 0x0000000800000000)
  region size 2048K, 143 young (292864K), 4 survivors (8192K)
 Metaspace       used 34600K, capacity 35791K, committed 35840K, reserved 1081344K
  class space    used 4171K, capacity 4687K, committed 4736K, reserved 1048576K
}
Event: 3.401 GC heap after
{Heap after GC invocations=6 (full 0):
 garbage-first heap   total 522240K, used 14661K [0x0000000602800000, 0x0000000800000000)
  region size 2048K, 7 young (14336K), 7 survivors (14336K)
 Metaspace       used 34600K, capacity 35791K, committed 35840K, reserved 1081344K
  class space    used 4171K, capacity 4687K, committed 4736K, reserved 1048576K
}
Event: 8.756 GC heap before
{Heap before GC invocations=7 (full 0):
 garbage-first heap   total 522240K, used 311621K [0x0000000602800000, 0x0000000800000000)
  region size 2048K, 153 young (313344K), 7 survivors (14336K)
 Metaspace       used 55782K, capacity 57456K, committed 57728K, reserved 1099776K
  class space    used 7050K, capacity 7713K, committed 7808K, reserved 1048576K
}
Event: 8.770 GC heap after
{Heap after GC invocations=8 (full 0):
 garbage-first heap   total 522240K, used 20765K [0x0000000602800000, 0x0000000800000000)
  region size 2048K, 10 young (20480K), 10 survivors (20480K)
 Metaspace       used 55782K, capacity 57456K, committed 57728K, reserved 1099776K
  class space    used 7050K, capacity 7713K, committed 7808K, reserved 1048576K
}
Event: 32.767 GC heap before
{Heap before GC invocations=8 (full 0):
 garbage-first heap   total 522240K, used 65821K [0x0000000602800000, 0x0000000800000000)
  region size 2048K, 33 young (67584K), 10 survivors (20480K)
 Metaspace       used 58339K, capacity 60082K, committed 60160K, reserved 1101824K
  class space    used 7340K, capacity 8031K, committed 8064K, reserved 1048576K
}
Event: 32.794 GC heap after
{Heap after GC invocations=9 (full 0):
 garbage-first heap   total 626688K, used 22091K [0x0000000602800000, 0x0000000800000000)
  region size 2048K, 10 young (20480K), 10 survivors (20480K)
 Metaspace       used 58339K, capacity 60082K, committed 60160K, reserved 1101824K
  class space    used 7340K, capacity 8031K, committed 8064K, reserved 1048576K
}
Event: 524.254 GC heap before
{Heap before GC invocations=10 (full 0):
 garbage-first heap   total 626688K, used 77387K [0x0000000602800000, 0x0000000800000000)
  region size 2048K, 38 young (77824K), 10 survivors (20480K)
 Metaspace       used 60867K, capacity 62589K, committed 62720K, reserved 1103872K
  class space    used 7660K, capacity 8332K, committed 8448K, reserved 1048576K
}
Event: 524.321 GC heap after
{Heap after GC invocations=11 (full 1):
 garbage-first heap   total 75776K, used 19415K [0x0000000602800000, 0x0000000800000000)
  region size 2048K, 0 young (0K), 0 survivors (0K)
 Metaspace       used 60866K, capacity 62586K, committed 62720K, reserved 1103872K
  class space    used 7659K, capacity 8331K, committed 8448K, reserved 1048576K
}
Event: 524.710 GC heap before
{Heap before GC invocations=11 (full 1):
 garbage-first heap   total 75776K, used 56279K [0x0000000602800000, 0x0000000800000000)
  region size 2048K, 19 young (38912K), 0 survivors (0K)
 Metaspace       used 60891K, capacity 62647K, committed 62976K, reserved 1103872K
  class space    used 7666K, capacity 8370K, committed 8448K, reserved 1048576K
}
Event: 524.712 GC heap after
{Heap after GC invocations=12 (full 1):
 garbage-first heap   total 75776K, used 22856K [0x0000000602800000, 0x0000000800000000)
  region size 2048K, 2 young (4096K), 2 survivors (4096K)
 Metaspace       used 60891K, capacity 62647K, committed 62976K, reserved 1103872K
  class space    used 7666K, capacity 8370K, committed 8448K, reserved 1048576K
}
Event: 524.717 GC heap before
{Heap before GC invocations=12 (full 1):
 garbage-first heap   total 75776K, used 55624K [0x0000000602800000, 0x0000000800000000)
  region size 2048K, 19 young (38912K), 2 survivors (4096K)
 Metaspace       used 60891K, capacity 62647K, committed 62976K, reserved 1103872K
  class space    used 7666K, capacity 8370K, committed 8448K, reserved 1048576K
}
Event: 524.719 GC heap after
{Heap after GC invocations=13 (full 1):
 garbage-first heap   total 75776K, used 21825K [0x0000000602800000, 0x0000000800000000)
  region size 2048K, 2 young (4096K), 2 survivors (4096K)
 Metaspace       used 60891K, capacity 62647K, committed 62976K, reserved 1103872K
  class space    used 7666K, capacity 8370K, committed 8448K, reserved 1048576K
}
Event: 634.077 GC heap before
{Heap before GC invocations=13 (full 1):
 garbage-first heap   total 75776K, used 54593K [0x0000000602800000, 0x0000000800000000)
  region size 2048K, 19 young (38912K), 2 survivors (4096K)
 Metaspace       used 61055K, capacity 62890K, committed 62976K, reserved 1103872K
  class space    used 7685K, capacity 8425K, committed 8448K, reserved 1048576K
}
Event: 634.130 GC heap after
{Heap after GC invocations=14 (full 2):
 garbage-first heap   total 75776K, used 19539K [0x0000000602800000, 0x0000000800000000)
  region size 2048K, 0 young (0K), 0 survivors (0K)
 Metaspace       used 61052K, capacity 62884K, committed 62976K, reserved 1103872K
  class space    used 7684K, capacity 8423K, committed 8448K, reserved 1048576K
}
Event: 634.522 GC heap before
{Heap before GC invocations=14 (full 2):
 garbage-first heap   total 75776K, used 56403K [0x0000000602800000, 0x0000000800000000)
  region size 2048K, 19 young (38912K), 0 survivors (0K)
 Metaspace       used 61083K, capacity 62925K, committed 62976K, reserved 1103872K
  class space    used 7692K, capacity 8433K, committed 8448K, reserved 1048576K
}
Event: 634.524 GC heap after
{Heap after GC invocations=15 (full 2):
 garbage-first heap   total 75776K, used 21678K [0x0000000602800000, 0x0000000800000000)
  region size 2048K, 2 young (4096K), 2 survivors (4096K)
 Metaspace       used 61083K, capacity 62925K, committed 62976K, reserved 1103872K
  class space    used 7692K, capacity 8433K, committed 8448K, reserved 1048576K
}
Event: 634.529 GC heap before
{Heap before GC invocations=15 (full 2):
 garbage-first heap   total 75776K, used 54446K [0x0000000602800000, 0x0000000800000000)
  region size 2048K, 19 young (38912K), 2 survivors (4096K)
 Metaspace       used 61083K, capacity 62925K, committed 62976K, reserved 1103872K
  class space    used 7692K, capacity 8433K, committed 8448K, reserved 1048576K
}
Event: 634.530 GC heap after
{Heap after GC invocations=16 (full 2):
 garbage-first heap   total 75776K, used 21587K [0x0000000602800000, 0x0000000800000000)
  region size 2048K, 1 young (2048K), 1 survivors (2048K)
 Metaspace       used 61083K, capacity 62925K, committed 62976K, reserved 1103872K
  class space    used 7692K, capacity 8433K, committed 8448K, reserved 1048576K
}
Event: 712.545 GC heap before
{Heap before GC invocations=16 (full 2):
 garbage-first heap   total 75776K, used 56403K [0x0000000602800000, 0x0000000800000000)
  region size 2048K, 19 young (38912K), 1 survivors (2048K)
 Metaspace       used 61223K, capacity 63119K, committed 63360K, reserved 1103872K
  class space    used 7703K, capacity 8475K, committed 8576K, reserved 1048576K
}
Event: 712.605 GC heap after
{Heap after GC invocations=17 (full 3):
 garbage-first heap   total 75776K, used 19540K [0x0000000602800000, 0x0000000800000000)
  region size 2048K, 0 young (0K), 0 survivors (0K)
 Metaspace       used 61220K, capacity 63113K, committed 63360K, reserved 1103872K
  class space    used 7703K, capacity 8473K, committed 8576K, reserved 1048576K
}
Event: 713.024 GC heap before
{Heap before GC invocations=17 (full 3):
 garbage-first heap   total 75776K, used 56404K [0x0000000602800000, 0x0000000800000000)
  region size 2048K, 19 young (38912K), 0 survivors (0K)
 Metaspace       used 61247K, capacity 63148K, committed 63360K, reserved 1103872K
  class space    used 7709K, capacity 8482K, committed 8576K, reserved 1048576K
}
Event: 713.026 GC heap after
{Heap after GC invocations=18 (full 3):
 garbage-first heap   total 75776K, used 21478K [0x0000000602800000, 0x0000000800000000)
  region size 2048K, 1 young (2048K), 1 survivors (2048K)
 Metaspace       used 61247K, capacity 63148K, committed 63360K, reserved 1103872K
  class space    used 7709K, capacity 8482K, committed 8576K, reserved 1048576K
}
Event: 713.033 GC heap before
{Heap before GC invocations=18 (full 3):
 garbage-first heap   total 75776K, used 56294K [0x0000000602800000, 0x0000000800000000)
  region size 2048K, 19 young (38912K), 1 survivors (2048K)
 Metaspace       used 61247K, capacity 63148K, committed 63360K, reserved 1103872K
  class space    used 7709K, capacity 8482K, committed 8576K, reserved 1048576K
}
Event: 713.034 GC heap after
{Heap after GC invocations=19 (full 3):
 garbage-first heap   total 75776K, used 21504K [0x0000000602800000, 0x0000000800000000)
  region size 2048K, 1 young (2048K), 1 survivors (2048K)
 Metaspace       used 61247K, capacity 63148K, committed 63360K, reserved 1103872K
  class space    used 7709K, capacity 8482K, committed 8576K, reserved 1048576K
}
Event: 774.928 GC heap before
{Heap before GC invocations=19 (full 3):
 garbage-first heap   total 75776K, used 52224K [0x0000000602800000, 0x0000000800000000)
  region size 2048K, 18 young (36864K), 1 survivors (2048K)
 Metaspace       used 61417K, capacity 63381K, committed 63616K, reserved 1103872K
  class space    used 7726K, capacity 8532K, committed 8576K, reserved 1048576K
}
Event: 774.989 GC heap after
{Heap after GC invocations=20 (full 4):
 garbage-first heap   total 75776K, used 19673K [0x0000000602800000, 0x0000000800000000)
  region size 2048K, 0 young (0K), 0 survivors (0K)
 Metaspace       used 61414K, capacity 63375K, committed 63616K, reserved 1103872K
  class space    used 7725K, capacity 8530K, committed 8576K, reserved 1048576K
}
Event: 775.345 GC heap before
{Heap before GC invocations=20 (full 4):
 garbage-first heap   total 75776K, used 58585K [0x0000000602800000, 0x0000000800000000)
  region size 2048K, 19 young (38912K), 0 survivors (0K)
 Metaspace       used 61431K, capacity 63395K, committed 63616K, reserved 1103872K
  class space    used 7729K, capacity 8534K, committed 8576K, reserved 1048576K
}
Event: 775.347 GC heap after
{Heap after GC invocations=21 (full 4):
 garbage-first heap   total 75776K, used 21782K [0x0000000602800000, 0x0000000800000000)
  region size 2048K, 2 young (4096K), 2 survivors (4096K)
 Metaspace       used 61431K, capacity 63395K, committed 63616K, reserved 1103872K
  class space    used 7729K, capacity 8534K, committed 8576K, reserved 1048576K
}
Event: 775.352 GC heap before
{Heap before GC invocations=21 (full 4):
 garbage-first heap   total 75776K, used 54550K [0x0000000602800000, 0x0000000800000000)
  region size 2048K, 19 young (38912K), 2 survivors (4096K)
 Metaspace       used 61431K, capacity 63395K, committed 63616K, reserved 1103872K
  class space    used 7729K, capacity 8534K, committed 8576K, reserved 1048576K
}
Event: 775.354 GC heap after
{Heap after GC invocations=22 (full 4):
 garbage-first heap   total 75776K, used 21721K [0x0000000602800000, 0x0000000800000000)
  region size 2048K, 1 young (2048K), 1 survivors (2048K)
 Metaspace       used 61431K, capacity 63395K, committed 63616K, reserved 1103872K
  class space    used 7729K, capacity 8534K, committed 8576K, reserved 1048576K
}
Event: 840.334 GC heap before
{Heap before GC invocations=22 (full 4):
 garbage-first heap   total 75776K, used 56537K [0x0000000602800000, 0x0000000800000000)
  region size 2048K, 19 young (38912K), 1 survivors (2048K)
 Metaspace       used 61577K, capacity 63571K, committed 63616K, reserved 1103872K
  class space    used 7745K, capacity 8574K, committed 8576K, reserved 1048576K
}
Event: 840.391 GC heap after
{Heap after GC invocations=23 (full 5):
 garbage-first heap   total 75776K, used 19808K [0x0000000602800000, 0x0000000800000000)
  region size 2048K, 0 young (0K), 0 survivors (0K)
 Metaspace       used 61574K, capacity 63565K, committed 63616K, reserved 1103872K
  class space    used 7744K, capacity 8572K, committed 8576K, reserved 1048576K
}
Event: 840.762 GC heap before
{Heap before GC invocations=23 (full 5):
 garbage-first heap   total 75776K, used 58720K [0x0000000602800000, 0x0000000800000000)
  region size 2048K, 19 young (38912K), 0 survivors (0K)
 Metaspace       used 61640K, capacity 63660K, committed 64000K, reserved 1103872K
  class space    used 7757K, capacity 8594K, committed 8704K, reserved 1048576K
}
Event: 840.764 GC heap after
{Heap after GC invocations=24 (full 5):
 garbage-first heap   total 75776K, used 21856K [0x0000000602800000, 0x0000000800000000)
  region size 2048K, 1 young (2048K), 1 survivors (2048K)
 Metaspace       used 61640K, capacity 63660K, committed 64000K, reserved 1103872K
  class space    used 7757K, capacity 8594K, committed 8704K, reserved 1048576K
}
Event: 840.774 GC heap before
{Heap before GC invocations=24 (full 5):
 garbage-first heap   total 75776K, used 56672K [0x0000000602800000, 0x0000000800000000)
  region size 2048K, 19 young (38912K), 1 survivors (2048K)
 Metaspace       used 61640K, capacity 63660K, committed 64000K, reserved 1103872K
  class space    used 7757K, capacity 8594K, committed 8704K, reserved 1048576K
}
Event: 840.775 GC heap after
{Heap after GC invocations=25 (full 5):
 garbage-first heap   total 75776K, used 21856K [0x0000000602800000, 0x0000000800000000)
  region size 2048K, 1 young (2048K), 1 survivors (2048K)
 Metaspace       used 61640K, capacity 63660K, committed 64000K, reserved 1103872K
  class space    used 7757K, capacity 8594K, committed 8704K, reserved 1048576K
}
Event: 878.330 GC heap before
{Heap before GC invocations=25 (full 5):
 garbage-first heap   total 75776K, used 54624K [0x0000000602800000, 0x0000000800000000)
  region size 2048K, 19 young (38912K), 1 survivors (2048K)
 Metaspace       used 61797K, capacity 63854K, committed 64000K, reserved 1103872K
  class space    used 7773K, capacity 8639K, committed 8704K, reserved 1048576K
}
Event: 878.382 GC heap after
{Heap after GC invocations=26 (full 6):
 garbage-first heap   total 75776K, used 20059K [0x0000000602800000, 0x0000000800000000)
  region size 2048K, 0 young (0K), 0 survivors (0K)
 Metaspace       used 61795K, capacity 63848K, committed 64000K, reserved 1103872K
  class space    used 7773K, capacity 8637K, committed 8704K, reserved 1048576K
}
Event: 878.732 GC heap before
{Heap before GC invocations=26 (full 6):
 garbage-first heap   total 75776K, used 58971K [0x0000000602800000, 0x0000000800000000)
  region size 2048K, 19 young (38912K), 0 survivors (0K)
 Metaspace       used 61811K, capacity 63868K, committed 64000K, reserved 1103872K
  class space    used 7776K, capacity 8641K, committed 8704K, reserved 1048576K
}
Event: 878.734 GC heap after
{Heap after GC invocations=27 (full 6):
 garbage-first heap   total 75776K, used 22029K [0x0000000602800000, 0x0000000800000000)
  region size 2048K, 1 young (2048K), 1 survivors (2048K)
 Metaspace       used 61811K, capacity 63868K, committed 64000K, reserved 1103872K
  class space    used 7776K, capacity 8641K, committed 8704K, reserved 1048576K
}
Event: 878.744 GC heap before
{Heap before GC invocations=27 (full 6):
 garbage-first heap   total 75776K, used 56845K [0x0000000602800000, 0x0000000800000000)
  region size 2048K, 19 young (38912K), 1 survivors (2048K)
 Metaspace       used 61811K, capacity 63868K, committed 64000K, reserved 1103872K
  class space    used 7776K, capacity 8641K, committed 8704K, reserved 1048576K
}
Event: 878.745 GC heap after
{Heap after GC invocations=28 (full 6):
 garbage-first heap   total 75776K, used 22107K [0x0000000602800000, 0x0000000800000000)
  region size 2048K, 1 young (2048K), 1 survivors (2048K)
 Metaspace       used 61811K, capacity 63868K, committed 64000K, reserved 1103872K
  class space    used 7776K, capacity 8641K, committed 8704K, reserved 1048576K
}
Event: 887.011 GC heap before
{Heap before GC invocations=28 (full 6):
 garbage-first heap   total 75776K, used 50779K [0x0000000602800000, 0x0000000800000000)
  region size 2048K, 17 young (34816K), 1 survivors (2048K)
 Metaspace       used 61953K, capacity 64038K, committed 64256K, reserved 1105920K
  class space    used 7788K, capacity 8679K, committed 8704K, reserved 1048576K
}
Event: 887.075 GC heap after
{Heap after GC invocations=29 (full 7):
 garbage-first heap   total 75776K, used 20044K [0x0000000602800000, 0x0000000800000000)
  region size 2048K, 0 young (0K), 0 survivors (0K)
 Metaspace       used 61950K, capacity 64032K, committed 64256K, reserved 1105920K
  class space    used 7787K, capacity 8677K, committed 8704K, reserved 1048576K
}
Event: 887.466 GC heap before
{Heap before GC invocations=29 (full 7):
 garbage-first heap   total 75776K, used 56908K [0x0000000602800000, 0x0000000800000000)
  region size 2048K, 18 young (36864K), 0 survivors (0K)
 Metaspace       used 62020K, capacity 64136K, committed 64256K, reserved 1105920K
  class space    used 7800K, capacity 8698K, committed 8704K, reserved 1048576K
}
Event: 887.468 GC heap after
{Heap after GC invocations=30 (full 7):
 garbage-first heap   total 75776K, used 21927K [0x0000000602800000, 0x0000000800000000)
  region size 2048K, 1 young (2048K), 1 survivors (2048K)
 Metaspace       used 62020K, capacity 64136K, committed 64256K, reserved 1105920K
  class space    used 7800K, capacity 8698K, committed 8704K, reserved 1048576K
}
Event: 887.477 GC heap before
{Heap before GC invocations=30 (full 7):
 garbage-first heap   total 75776K, used 56743K [0x0000000602800000, 0x0000000800000000)
  region size 2048K, 19 young (38912K), 1 survivors (2048K)
 Metaspace       used 62020K, capacity 64136K, committed 64256K, reserved 1105920K
  class space    used 7800K, capacity 8698K, committed 8704K, reserved 1048576K
}
Event: 887.478 GC heap after
{Heap after GC invocations=31 (full 7):
 garbage-first heap   total 75776K, used 21977K [0x0000000602800000, 0x0000000800000000)
  region size 2048K, 1 young (2048K), 1 survivors (2048K)
 Metaspace       used 62020K, capacity 64136K, committed 64256K, reserved 1105920K
  class space    used 7800K, capacity 8698K, committed 8704K, reserved 1048576K
}

